{"level":"info","message":"Redis connected successfully","timestamp":"2025-05-08T20:16:48.632Z"}
{"level":"info","message":"Redis connected successfully","timestamp":"2025-05-08T20:27:18.817Z"}
{"level":"info","message":"Redis connected successfully","timestamp":"2025-05-08T20:28:57.982Z"}
{"level":"info","message":"Redis connected successfully","timestamp":"2025-05-08T20:34:27.301Z"}
{"level":"info","message":"Redis connected successfully","timestamp":"2025-05-09T04:29:39.110Z"}
{"level":"info","message":"Passport Google strategy initialized","timestamp":"2025-05-09T04:40:02.532Z"}
{"level":"info","message":"Redis connected successfully","timestamp":"2025-05-09T04:40:02.593Z"}
{"level":"info","message":"Passport Google strategy initialized","timestamp":"2025-05-09T04:48:21.674Z"}
{"level":"info","message":"Redis connected successfully","timestamp":"2025-05-09T04:48:21.741Z"}
{"level":"info","message":"Passport Google strategy initialized","timestamp":"2025-05-09T04:48:39.777Z"}
{"level":"info","message":"Redis connected successfully","timestamp":"2025-05-09T04:48:39.875Z"}
{"level":"info","message":"Passport Google strategy initialized","timestamp":"2025-05-09T05:36:46.985Z"}
{"level":"info","message":"Redis connected successfully","timestamp":"2025-05-09T05:36:47.054Z"}
{"level":"info","message":"Redis connected successfully","timestamp":"2025-05-09T05:37:15.941Z"}
{"level":"info","message":"Redis connected successfully","timestamp":"2025-05-09T05:37:19.818Z"}
{"level":"info","message":"Redis connected successfully","timestamp":"2025-05-09T05:37:36.912Z"}
{"level":"info","message":"Redis connected successfully","timestamp":"2025-05-09T05:37:39.801Z"}
{"level":"info","message":"Redis connected successfully","timestamp":"2025-05-09T05:38:01.948Z"}
{"level":"info","message":"Redis connected successfully","timestamp":"2025-05-09T05:38:27.144Z"}
{"level":"info","message":"Redis connected successfully","timestamp":"2025-05-09T05:50:37.007Z"}
{"level":"info","message":"New user created: tanejaggarvit@gmail.com","timestamp":"2025-05-09T06:59:58.379Z"}
{"level":"error","message":"Error in Google OAuth strategy: secretOrPrivateKey must have a value","stack":"Error: secretOrPrivateKey must have a value\n    at module.exports [as sign] (C:\\Users\\tanej\\OneDrive\\Desktop\\crm\\backend\\node_modules\\jsonwebtoken\\sign.js:111:20)\n    at Strategy._verify (C:\\Users\\tanej\\OneDrive\\Desktop\\crm\\backend\\config\\passport.js:23:23)\n    at process.processTicksAndRejections (node:internal/process/task_queues:95:5)","timestamp":"2025-05-09T06:59:58.395Z"}
{"level":"error","message":"Authentication error: secretOrPrivateKey must have a value","stack":"Error: secretOrPrivateKey must have a value\n    at module.exports [as sign] (C:\\Users\\tanej\\OneDrive\\Desktop\\crm\\backend\\node_modules\\jsonwebtoken\\sign.js:111:20)\n    at Strategy._verify (C:\\Users\\tanej\\OneDrive\\Desktop\\crm\\backend\\config\\passport.js:23:23)\n    at process.processTicksAndRejections (node:internal/process/task_queues:95:5)","timestamp":"2025-05-09T06:59:58.397Z"}
{"level":"error","message":"Error in Google OAuth strategy: secretOrPrivateKey must have a value","stack":"Error: secretOrPrivateKey must have a value\n    at module.exports [as sign] (C:\\Users\\tanej\\OneDrive\\Desktop\\crm\\backend\\node_modules\\jsonwebtoken\\sign.js:111:20)\n    at Strategy._verify (C:\\Users\\tanej\\OneDrive\\Desktop\\crm\\backend\\config\\passport.js:23:23)\n    at process.processTicksAndRejections (node:internal/process/task_queues:95:5)","timestamp":"2025-05-09T07:00:44.592Z"}
{"level":"error","message":"Authentication error: secretOrPrivateKey must have a value","stack":"Error: secretOrPrivateKey must have a value\n    at module.exports [as sign] (C:\\Users\\tanej\\OneDrive\\Desktop\\crm\\backend\\node_modules\\jsonwebtoken\\sign.js:111:20)\n    at Strategy._verify (C:\\Users\\tanej\\OneDrive\\Desktop\\crm\\backend\\config\\passport.js:23:23)\n    at process.processTicksAndRejections (node:internal/process/task_queues:95:5)","timestamp":"2025-05-09T07:00:44.596Z"}
{"level":"error","message":"Error in Google OAuth strategy: secretOrPrivateKey must have a value","stack":"Error: secretOrPrivateKey must have a value\n    at module.exports [as sign] (C:\\Users\\tanej\\OneDrive\\Desktop\\crm\\backend\\node_modules\\jsonwebtoken\\sign.js:111:20)\n    at Strategy._verify (C:\\Users\\tanej\\OneDrive\\Desktop\\crm\\backend\\config\\passport.js:23:23)\n    at process.processTicksAndRejections (node:internal/process/task_queues:95:5)","timestamp":"2025-05-09T07:00:50.991Z"}
{"level":"error","message":"Authentication error: secretOrPrivateKey must have a value","stack":"Error: secretOrPrivateKey must have a value\n    at module.exports [as sign] (C:\\Users\\tanej\\OneDrive\\Desktop\\crm\\backend\\node_modules\\jsonwebtoken\\sign.js:111:20)\n    at Strategy._verify (C:\\Users\\tanej\\OneDrive\\Desktop\\crm\\backend\\config\\passport.js:23:23)\n    at process.processTicksAndRejections (node:internal/process/task_queues:95:5)","timestamp":"2025-05-09T07:00:50.993Z"}
{"level":"error","message":"Error in Google OAuth strategy: secretOrPrivateKey must have a value","stack":"Error: secretOrPrivateKey must have a value\n    at module.exports [as sign] (C:\\Users\\tanej\\OneDrive\\Desktop\\crm\\backend\\node_modules\\jsonwebtoken\\sign.js:111:20)\n    at Strategy._verify (C:\\Users\\tanej\\OneDrive\\Desktop\\crm\\backend\\config\\passport.js:23:23)\n    at process.processTicksAndRejections (node:internal/process/task_queues:95:5)","timestamp":"2025-05-09T07:01:02.275Z"}
{"level":"error","message":"Authentication error: secretOrPrivateKey must have a value","stack":"Error: secretOrPrivateKey must have a value\n    at module.exports [as sign] (C:\\Users\\tanej\\OneDrive\\Desktop\\crm\\backend\\node_modules\\jsonwebtoken\\sign.js:111:20)\n    at Strategy._verify (C:\\Users\\tanej\\OneDrive\\Desktop\\crm\\backend\\config\\passport.js:23:23)\n    at process.processTicksAndRejections (node:internal/process/task_queues:95:5)","timestamp":"2025-05-09T07:01:02.275Z"}
{"level":"error","message":"Error in Google OAuth strategy: secretOrPrivateKey must have a value","stack":"Error: secretOrPrivateKey must have a value\n    at module.exports [as sign] (C:\\Users\\tanej\\OneDrive\\Desktop\\crm\\backend\\node_modules\\jsonwebtoken\\sign.js:111:20)\n    at Strategy._verify (C:\\Users\\tanej\\OneDrive\\Desktop\\crm\\backend\\config\\passport.js:23:23)\n    at process.processTicksAndRejections (node:internal/process/task_queues:95:5)","timestamp":"2025-05-09T07:01:10.378Z"}
{"level":"error","message":"Authentication error: secretOrPrivateKey must have a value","stack":"Error: secretOrPrivateKey must have a value\n    at module.exports [as sign] (C:\\Users\\tanej\\OneDrive\\Desktop\\crm\\backend\\node_modules\\jsonwebtoken\\sign.js:111:20)\n    at Strategy._verify (C:\\Users\\tanej\\OneDrive\\Desktop\\crm\\backend\\config\\passport.js:23:23)\n    at process.processTicksAndRejections (node:internal/process/task_queues:95:5)","timestamp":"2025-05-09T07:01:10.379Z"}
{"code":"invalid_grant","level":"error","message":"Authentication error: Bad Request","name":"TokenError","stack":"TokenError: Bad Request\n    at OAuth2Strategy.parseErrorResponse (C:\\Users\\tanej\\OneDrive\\Desktop\\crm\\backend\\node_modules\\passport-oauth2\\lib\\strategy.js:373:12)\n    at OAuth2Strategy._createOAuthError (C:\\Users\\tanej\\OneDrive\\Desktop\\crm\\backend\\node_modules\\passport-oauth2\\lib\\strategy.js:420:16)\n    at C:\\Users\\tanej\\OneDrive\\Desktop\\crm\\backend\\node_modules\\passport-oauth2\\lib\\strategy.js:177:45\n    at C:\\Users\\tanej\\OneDrive\\Desktop\\crm\\backend\\node_modules\\oauth\\lib\\oauth2.js:196:18\n    at passBackControl (C:\\Users\\tanej\\OneDrive\\Desktop\\crm\\backend\\node_modules\\oauth\\lib\\oauth2.js:132:9)\n    at IncomingMessage.<anonymous> (C:\\Users\\tanej\\OneDrive\\Desktop\\crm\\backend\\node_modules\\oauth\\lib\\oauth2.js:157:7)\n    at IncomingMessage.emit (node:events:529:35)\n    at endReadableNT (node:internal/streams/readable:1400:12)\n    at process.processTicksAndRejections (node:internal/process/task_queues:82:21)","status":500,"timestamp":"2025-05-09T07:02:24.633Z"}
{"level":"error","message":"Error in Google OAuth strategy: secretOrPrivateKey must have a value","stack":"Error: secretOrPrivateKey must have a value\n    at module.exports [as sign] (C:\\Users\\tanej\\OneDrive\\Desktop\\crm\\backend\\node_modules\\jsonwebtoken\\sign.js:111:20)\n    at Strategy._verify (C:\\Users\\tanej\\OneDrive\\Desktop\\crm\\backend\\config\\passport.js:23:23)\n    at process.processTicksAndRejections (node:internal/process/task_queues:95:5)","timestamp":"2025-05-09T07:02:35.832Z"}
{"level":"error","message":"Authentication error: secretOrPrivateKey must have a value","stack":"Error: secretOrPrivateKey must have a value\n    at module.exports [as sign] (C:\\Users\\tanej\\OneDrive\\Desktop\\crm\\backend\\node_modules\\jsonwebtoken\\sign.js:111:20)\n    at Strategy._verify (C:\\Users\\tanej\\OneDrive\\Desktop\\crm\\backend\\config\\passport.js:23:23)\n    at process.processTicksAndRejections (node:internal/process/task_queues:95:5)","timestamp":"2025-05-09T07:02:35.833Z"}
{"level":"info","message":"Redis connected successfully","timestamp":"2025-05-09T07:13:51.643Z"}
{"level":"info","message":"Redis connected successfully","timestamp":"2025-05-09T07:14:48.654Z"}
{"level":"info","message":"Authentication successful for user: tanejaggarvit@gmail.com","timestamp":"2025-05-09T07:20:51.523Z"}
{"level":"info","message":"Redis connected successfully","timestamp":"2025-05-09T07:26:12.335Z"}
{"level":"info","message":"Redis connected successfully","timestamp":"2025-05-09T07:28:41.911Z"}
{"level":"info","message":"Redis connected successfully","timestamp":"2025-05-09T07:28:50.177Z"}
{"code":11000,"index":0,"keyPattern":{"mobile":1},"keyValue":{"mobile":null},"level":"error","message":"Authentication error: E11000 duplicate key error collection: pg.users index: mobile_1 dup key: { mobile: null }","stack":"MongoServerError: E11000 duplicate key error collection: pg.users index: mobile_1 dup key: { mobile: null }\n    at C:\\Users\\tanej\\OneDrive\\Desktop\\crm\\backend\\node_modules\\mongodb\\lib\\operations\\insert.js:50:33\n    at C:\\Users\\tanej\\OneDrive\\Desktop\\crm\\backend\\node_modules\\mongodb\\lib\\operations\\command.js:84:64\n    at process.processTicksAndRejections (node:internal/process/task_queues:95:5)","timestamp":"2025-05-09T07:29:05.393Z"}
{"code":11000,"index":0,"keyPattern":{"mobile":1},"keyValue":{"mobile":null},"level":"error","message":"Authentication error: E11000 duplicate key error collection: pg.users index: mobile_1 dup key: { mobile: null }","stack":"MongoServerError: E11000 duplicate key error collection: pg.users index: mobile_1 dup key: { mobile: null }\n    at C:\\Users\\tanej\\OneDrive\\Desktop\\crm\\backend\\node_modules\\mongodb\\lib\\operations\\insert.js:50:33\n    at C:\\Users\\tanej\\OneDrive\\Desktop\\crm\\backend\\node_modules\\mongodb\\lib\\operations\\command.js:84:64\n    at process.processTicksAndRejections (node:internal/process/task_queues:95:5)","timestamp":"2025-05-09T07:29:37.748Z"}
{"level":"info","message":"Redis connected successfully","timestamp":"2025-05-09T07:34:23.504Z"}
{"code":11000,"index":0,"keyPattern":{"mobile":1},"keyValue":{"mobile":null},"level":"error","message":"Authentication error: E11000 duplicate key error collection: pg.users index: mobile_1 dup key: { mobile: null }","stack":"MongoServerError: E11000 duplicate key error collection: pg.users index: mobile_1 dup key: { mobile: null }\n    at C:\\Users\\tanej\\OneDrive\\Desktop\\crm\\backend\\node_modules\\mongodb\\lib\\operations\\insert.js:50:33\n    at C:\\Users\\tanej\\OneDrive\\Desktop\\crm\\backend\\node_modules\\mongodb\\lib\\operations\\command.js:84:64\n    at process.processTicksAndRejections (node:internal/process/task_queues:95:5)","timestamp":"2025-05-09T07:34:47.365Z"}
{"level":"info","message":"Authentication successful for user: tanejaggarvit@gmail.com","timestamp":"2025-05-09T10:21:28.143Z"}
{"level":"info","message":"Redis connected successfully","timestamp":"2025-05-09T14:38:31.524Z"}
{"code":11000,"index":0,"keyPattern":{"mobile":1},"keyValue":{"mobile":null},"level":"error","message":"Authentication error: E11000 duplicate key error collection: pg.users index: mobile_1 dup key: { mobile: null }","stack":"MongoServerError: E11000 duplicate key error collection: pg.users index: mobile_1 dup key: { mobile: null }\n    at C:\\Users\\tanej\\OneDrive\\Desktop\\crm\\backend\\node_modules\\mongodb\\lib\\operations\\insert.js:50:33\n    at C:\\Users\\tanej\\OneDrive\\Desktop\\crm\\backend\\node_modules\\mongodb\\lib\\operations\\command.js:84:64\n    at process.processTicksAndRejections (node:internal/process/task_queues:95:5)","timestamp":"2025-05-09T14:38:57.200Z"}
{"level":"info","message":"Redis connected successfully","timestamp":"2025-05-09T14:43:58.209Z"}
{"level":"info","message":"Redis connected successfully","timestamp":"2025-05-09T14:47:39.782Z"}
{"level":"info","message":"Redis connected successfully","timestamp":"2025-05-09T14:48:34.021Z"}
{"level":"info","message":"Redis connected successfully","timestamp":"2025-05-09T14:49:05.443Z"}
{"level":"info","message":"Redis connected successfully","timestamp":"2025-05-09T14:52:56.020Z"}
{"level":"info","message":"Authentication successful for user: taneja.garvit29@gmail.com","timestamp":"2025-05-09T14:53:25.666Z"}
{"level":"info","message":"Redis connected successfully","timestamp":"2025-05-09T14:54:20.515Z"}
{"level":"info","message":"Redis connected successfully","timestamp":"2025-05-09T14:54:31.479Z"}
{"level":"info","message":"Redis connected successfully","timestamp":"2025-05-09T14:54:36.395Z"}
{"level":"info","message":"Authentication successful for user: taneja.garvit29@gmail.com","timestamp":"2025-05-09T14:54:50.361Z"}
{"code":"invalid_grant","level":"error","message":"Authentication error: Bad Request","name":"TokenError","stack":"TokenError: Bad Request\n    at OAuth2Strategy.parseErrorResponse (C:\\Users\\tanej\\OneDrive\\Desktop\\crm\\backend\\node_modules\\passport-oauth2\\lib\\strategy.js:373:12)\n    at OAuth2Strategy._createOAuthError (C:\\Users\\tanej\\OneDrive\\Desktop\\crm\\backend\\node_modules\\passport-oauth2\\lib\\strategy.js:420:16)\n    at C:\\Users\\tanej\\OneDrive\\Desktop\\crm\\backend\\node_modules\\passport-oauth2\\lib\\strategy.js:177:45\n    at C:\\Users\\tanej\\OneDrive\\Desktop\\crm\\backend\\node_modules\\oauth\\lib\\oauth2.js:196:18\n    at passBackControl (C:\\Users\\tanej\\OneDrive\\Desktop\\crm\\backend\\node_modules\\oauth\\lib\\oauth2.js:132:9)\n    at IncomingMessage.<anonymous> (C:\\Users\\tanej\\OneDrive\\Desktop\\crm\\backend\\node_modules\\oauth\\lib\\oauth2.js:157:7)\n    at IncomingMessage.emit (node:events:529:35)\n    at endReadableNT (node:internal/streams/readable:1400:12)\n    at process.processTicksAndRejections (node:internal/process/task_queues:82:21)","status":500,"timestamp":"2025-05-09T14:55:14.196Z"}
{"level":"info","message":"Authentication successful for user: taneja.garvit29@gmail.com","timestamp":"2025-05-09T14:55:46.009Z"}
{"level":"info","message":"Redis connected successfully","timestamp":"2025-05-09T15:00:12.426Z"}
{"level":"info","message":"Authentication successful for user: taneja.garvit29@gmail.com","timestamp":"2025-05-09T15:00:39.856Z"}
{"level":"info","message":"Redis connected successfully","timestamp":"2025-05-09T15:10:11.560Z"}
{"level":"info","message":"Redis connected successfully","timestamp":"2025-05-09T15:29:46.834Z"}
{"level":"info","message":"Redis connected successfully","timestamp":"2025-05-09T15:29:52.055Z"}
{"level":"info","message":"Authentication successful for user: tanejaggarvit@gmail.com","timestamp":"2025-05-09T15:30:12.155Z"}
{"level":"info","message":"Campaign 681e1faa84a6e479263b29d6 created","timestamp":"2025-05-09T15:30:50.761Z"}
{"level":"info","message":"Campaign 681e273584a6e479263b29d9 created","timestamp":"2025-05-09T16:03:01.394Z"}
{"level":"error","message":"Error fetching campaign history: Cannot populate path `communicationLogs` because it is not in your schema. Set the `strictPopulate` option to false to override.","path":"communicationLogs","stack":"StrictPopulateError: Cannot populate path `communicationLogs` because it is not in your schema. Set the `strictPopulate` option to false to override.\n    at getModelsMapForPopulate (C:\\Users\\tanej\\OneDrive\\Desktop\\crm\\backend\\node_modules\\mongoose\\lib\\helpers\\populate\\getModelsMapForPopulate.js:50:12)\n    at populate (C:\\Users\\tanej\\OneDrive\\Desktop\\crm\\backend\\node_modules\\mongoose\\lib\\model.js:4394:21)\n    at _populate (C:\\Users\\tanej\\OneDrive\\Desktop\\crm\\backend\\node_modules\\mongoose\\lib\\model.js:4354:5)\n    at C:\\Users\\tanej\\OneDrive\\Desktop\\crm\\backend\\node_modules\\mongoose\\lib\\model.js:4326:5\n    at new Promise (<anonymous>)\n    at Function.populate (C:\\Users\\tanej\\OneDrive\\Desktop\\crm\\backend\\node_modules\\mongoose\\lib\\model.js:4325:10)\n    at model.Query._find (C:\\Users\\tanej\\OneDrive\\Desktop\\crm\\backend\\node_modules\\mongoose\\lib\\query.js:2320:20)\n    at process.processTicksAndRejections (node:internal/process/task_queues:95:5)\n    at async model.Query.exec (C:\\Users\\tanej\\OneDrive\\Desktop\\crm\\backend\\node_modules\\mongoose\\lib\\query.js:4447:11)\n    at async exports.getCampaignHistory (C:\\Users\\tanej\\OneDrive\\Desktop\\crm\\backend\\controllers\\campaignController.js:28:23)","timestamp":"2025-05-09T16:03:01.499Z"}
{"level":"error","message":"Error fetching campaign history: Cannot populate path `communicationLogs` because it is not in your schema. Set the `strictPopulate` option to false to override.","path":"communicationLogs","stack":"StrictPopulateError: Cannot populate path `communicationLogs` because it is not in your schema. Set the `strictPopulate` option to false to override.\n    at getModelsMapForPopulate (C:\\Users\\tanej\\OneDrive\\Desktop\\crm\\backend\\node_modules\\mongoose\\lib\\helpers\\populate\\getModelsMapForPopulate.js:50:12)\n    at populate (C:\\Users\\tanej\\OneDrive\\Desktop\\crm\\backend\\node_modules\\mongoose\\lib\\model.js:4394:21)\n    at _populate (C:\\Users\\tanej\\OneDrive\\Desktop\\crm\\backend\\node_modules\\mongoose\\lib\\model.js:4354:5)\n    at C:\\Users\\tanej\\OneDrive\\Desktop\\crm\\backend\\node_modules\\mongoose\\lib\\model.js:4326:5\n    at new Promise (<anonymous>)\n    at Function.populate (C:\\Users\\tanej\\OneDrive\\Desktop\\crm\\backend\\node_modules\\mongoose\\lib\\model.js:4325:10)\n    at model.Query._find (C:\\Users\\tanej\\OneDrive\\Desktop\\crm\\backend\\node_modules\\mongoose\\lib\\query.js:2320:20)\n    at process.processTicksAndRejections (node:internal/process/task_queues:95:5)\n    at async model.Query.exec (C:\\Users\\tanej\\OneDrive\\Desktop\\crm\\backend\\node_modules\\mongoose\\lib\\query.js:4447:11)\n    at async exports.getCampaignHistory (C:\\Users\\tanej\\OneDrive\\Desktop\\crm\\backend\\controllers\\campaignController.js:28:23)","timestamp":"2025-05-09T16:06:35.642Z"}
{"level":"error","message":"Error fetching campaign history: Cannot populate path `communicationLogs` because it is not in your schema. Set the `strictPopulate` option to false to override.","path":"communicationLogs","stack":"StrictPopulateError: Cannot populate path `communicationLogs` because it is not in your schema. Set the `strictPopulate` option to false to override.\n    at getModelsMapForPopulate (C:\\Users\\tanej\\OneDrive\\Desktop\\crm\\backend\\node_modules\\mongoose\\lib\\helpers\\populate\\getModelsMapForPopulate.js:50:12)\n    at populate (C:\\Users\\tanej\\OneDrive\\Desktop\\crm\\backend\\node_modules\\mongoose\\lib\\model.js:4394:21)\n    at _populate (C:\\Users\\tanej\\OneDrive\\Desktop\\crm\\backend\\node_modules\\mongoose\\lib\\model.js:4354:5)\n    at C:\\Users\\tanej\\OneDrive\\Desktop\\crm\\backend\\node_modules\\mongoose\\lib\\model.js:4326:5\n    at new Promise (<anonymous>)\n    at Function.populate (C:\\Users\\tanej\\OneDrive\\Desktop\\crm\\backend\\node_modules\\mongoose\\lib\\model.js:4325:10)\n    at model.Query._find (C:\\Users\\tanej\\OneDrive\\Desktop\\crm\\backend\\node_modules\\mongoose\\lib\\query.js:2320:20)\n    at process.processTicksAndRejections (node:internal/process/task_queues:95:5)\n    at async model.Query.exec (C:\\Users\\tanej\\OneDrive\\Desktop\\crm\\backend\\node_modules\\mongoose\\lib\\query.js:4447:11)\n    at async exports.getCampaignHistory (C:\\Users\\tanej\\OneDrive\\Desktop\\crm\\backend\\controllers\\campaignController.js:28:23)","timestamp":"2025-05-09T16:07:14.686Z"}
{"level":"info","message":"Redis connected successfully","timestamp":"2025-05-09T16:08:29.150Z"}
{"level":"info","message":"Redis connected successfully","timestamp":"2025-05-09T16:09:13.231Z"}
{"level":"info","message":"Redis connected successfully","timestamp":"2025-05-09T17:25:42.157Z"}
{"level":"info","message":"Redis connected successfully","timestamp":"2025-05-09T17:26:11.279Z"}
{"level":"info","message":"Redis connected successfully","timestamp":"2025-05-09T17:26:34.925Z"}
{"level":"info","message":"Authentication successful for user: taneja.garvit29@gmail.com","timestamp":"2025-05-09T17:27:11.200Z"}
{"level":"info","message":"Authentication successful for user: taneja.garvit29@gmail.com","timestamp":"2025-05-09T17:58:44.911Z"}
{"level":"info","message":"Campaign 681e43ee303891668e77fe8e created","timestamp":"2025-05-09T18:05:34.239Z"}
{"level":"error","message":"Error fetching campaign history:","timestamp":"2025-05-09T18:05:34.381Z"}
{"level":"error","message":"Error fetching campaign history:","timestamp":"2025-05-09T18:05:42.741Z"}
{"level":"info","message":"Authentication successful for user: tanejaggarvit@gmail.com","timestamp":"2025-05-09T18:10:44.524Z"}
{"level":"error","message":"Error fetching campaign history:","timestamp":"2025-05-09T18:10:49.649Z"}
{"level":"error","message":"Error fetching campaign history:","timestamp":"2025-05-09T18:11:07.400Z"}
{"level":"info","message":"Redis connected successfully","timestamp":"2025-05-09T18:13:23.620Z"}
{"level":"error","message":"Error fetching campaign history for user 681e16e5e9580d4eb804f09b: mongoose is not defined","timestamp":"2025-05-09T18:13:29.902Z"}
{"level":"info","message":"Redis connected successfully","timestamp":"2025-05-09T18:13:51.340Z"}
{"level":"error","message":"Error fetching campaign history:","timestamp":"2025-05-09T18:13:52.724Z"}
{"level":"info","message":"Redis connected successfully","timestamp":"2025-05-09T18:14:31.346Z"}
{"level":"error","message":"Error fetching campaign history for user 681e16e5e9580d4eb804f09b: mongoose is not defined","timestamp":"2025-05-09T18:14:34.271Z"}
{"level":"info","message":"Redis connected successfully","timestamp":"2025-05-09T18:15:01.593Z"}
{"level":"info","message":"Redis connected successfully","timestamp":"2025-05-09T18:15:13.397Z"}
{"level":"error","message":"Error fetching campaign history for user 681e16e5e9580d4eb804f09b: Class constructor ObjectId cannot be invoked without 'new'","timestamp":"2025-05-09T18:15:32.138Z"}
{"level":"info","message":"Redis connected successfully","timestamp":"2025-05-09T18:17:48.541Z"}
{"level":"info","message":"Redis connected successfully","timestamp":"2025-05-09T18:19:42.392Z"}
{"level":"info","message":"Redis connected successfully","timestamp":"2025-05-09T18:19:54.199Z"}
{"level":"info","message":"Campaign 681e475eaf43efb12143bd7b created for user 681e16e5e9580d4eb804f09b","timestamp":"2025-05-09T18:20:14.958Z"}
{"level":"info","message":"Redis connected successfully","timestamp":"2025-05-09T18:58:17.835Z"}
{"level":"info","message":"Redis connected successfully","timestamp":"2025-05-09T18:58:56.631Z"}
{"level":"info","message":"Authentication successful for user: taneja.garvit29@gmail.com","timestamp":"2025-05-09T18:59:21.337Z"}
{"level":"info","message":"Customer data published to Redis stream","timestamp":"2025-05-09T18:59:43.757Z"}
{"level":"info","message":"Order data published to Redis stream","timestamp":"2025-05-09T19:01:47.363Z"}
{"level":"info","message":"Customer data published to Redis stream","timestamp":"2025-05-09T19:03:40.781Z"}
{"level":"info","message":"Redis connected successfully","timestamp":"2025-05-09T19:19:14.424Z"}
{"level":"info","message":"Customer data published to Redis stream","timestamp":"2025-05-09T19:20:35.143Z"}
{"level":"info","message":"Customer data published to Redis stream","timestamp":"2025-05-09T19:20:37.551Z"}
{"level":"info","message":"Redis connected successfully","timestamp":"2025-05-09T19:23:54.725Z"}
{"level":"info","message":"Redis connected successfully","timestamp":"2025-05-09T19:24:20.451Z"}
{"level":"info","message":"Customer 681e57f6adc51edf01a16944 created","timestamp":"2025-05-09T19:31:02.289Z"}
{"code":"invalid_grant","level":"error","message":"Authentication error: Bad Request","name":"TokenError","stack":"TokenError: Bad Request\n    at OAuth2Strategy.parseErrorResponse (C:\\Users\\tanej\\OneDrive\\Desktop\\crm\\backend\\node_modules\\passport-oauth2\\lib\\strategy.js:373:12)\n    at OAuth2Strategy._createOAuthError (C:\\Users\\tanej\\OneDrive\\Desktop\\crm\\backend\\node_modules\\passport-oauth2\\lib\\strategy.js:420:16)\n    at C:\\Users\\tanej\\OneDrive\\Desktop\\crm\\backend\\node_modules\\passport-oauth2\\lib\\strategy.js:177:45\n    at C:\\Users\\tanej\\OneDrive\\Desktop\\crm\\backend\\node_modules\\oauth\\lib\\oauth2.js:196:18\n    at passBackControl (C:\\Users\\tanej\\OneDrive\\Desktop\\crm\\backend\\node_modules\\oauth\\lib\\oauth2.js:132:9)\n    at IncomingMessage.<anonymous> (C:\\Users\\tanej\\OneDrive\\Desktop\\crm\\backend\\node_modules\\oauth\\lib\\oauth2.js:157:7)\n    at IncomingMessage.emit (node:events:529:35)\n    at endReadableNT (node:internal/streams/readable:1400:12)\n    at process.processTicksAndRejections (node:internal/process/task_queues:82:21)","status":500,"timestamp":"2025-05-09T20:01:49.065Z"}
{"level":"info","message":"Authentication successful for user: tanejaggarvit@gmail.com","timestamp":"2025-05-09T20:02:04.548Z"}
{"level":"info","message":"Campaign 681e5f5b158e13ad483b1115 created for user 681e1f8484a6e479263b29d3","timestamp":"2025-05-09T20:02:35.387Z"}
{"level":"info","message":"Authentication successful for user: tanejaggarvit@gmail.com","timestamp":"2025-05-09T20:02:44.706Z"}
{"level":"info","message":"Authentication successful for user: tanejaggarvit@gmail.com","timestamp":"2025-05-09T20:02:50.626Z"}
{"level":"info","message":"Authentication successful for user: taneja.garvit29@gmail.com","timestamp":"2025-05-09T20:04:32.572Z"}
{"code":11000,"index":0,"keyPattern":{"email":1},"keyValue":{"email":"mohit@example.com"},"level":"error","message":"Error creating customer: E11000 duplicate key error collection: test.customers index: email_1 dup key: { email: \"mohit@example.com\" }","stack":"MongoServerError: E11000 duplicate key error collection: test.customers index: email_1 dup key: { email: \"mohit@example.com\" }\n    at C:\\Users\\tanej\\OneDrive\\Desktop\\crm\\backend\\node_modules\\mongodb\\lib\\operations\\insert.js:50:33\n    at C:\\Users\\tanej\\OneDrive\\Desktop\\crm\\backend\\node_modules\\mongodb\\lib\\operations\\command.js:84:64\n    at process.processTicksAndRejections (node:internal/process/task_queues:95:5)","timestamp":"2025-05-09T20:05:33.808Z"}
{"level":"info","message":"Customer 681e6015158e13ad483b111f created","timestamp":"2025-05-09T20:05:41.665Z"}
{"level":"info","message":"Authentication successful for user: taneja.garvit29@gmail.com","timestamp":"2025-05-09T20:06:38.264Z"}
{"level":"info","message":"Authentication successful for user: taneja.garvit29@gmail.com","timestamp":"2025-05-09T20:10:18.054Z"}
